0 info it worked if it ends with ok
1 verbose cli [ 'D:\\Program Files\\nodejs\\node.exe',
1 verbose cli   'D:\\Program Files\\nodejs\\node_modules\\npm\\bin\\npm-cli.js',
1 verbose cli   'install',
1 verbose cli   '-g',
1 verbose cli   'bcrypt',
1 verbose cli   '--save-dev' ]
2 info using npm@2.14.7
3 info using node@v4.2.1
4 verbose install initial load of C:\Users\Administrator\AppData\Roaming\npm\package.json
5 verbose readDependencies loading dependencies from C:\Users\Administrator\AppData\Roaming\npm\package.json
6 silly cache add args [ 'bcrypt', null ]
7 verbose cache add spec bcrypt
8 silly cache add parsed spec Result {
8 silly cache add   raw: 'bcrypt',
8 silly cache add   scope: null,
8 silly cache add   name: 'bcrypt',
8 silly cache add   rawSpec: '',
8 silly cache add   spec: '*',
8 silly cache add   type: 'range' }
9 silly addNamed bcrypt@*
10 verbose addNamed "*" is a valid semver range for bcrypt
11 silly addNameRange { name: 'bcrypt', range: '*', hasData: false }
12 silly mapToRegistry name bcrypt
13 silly mapToRegistry using default registry
14 silly mapToRegistry registry http://registry.cnpmjs.org/
15 silly mapToRegistry uri http://registry.cnpmjs.org/bcrypt
16 verbose addNameRange registry:http://registry.cnpmjs.org/bcrypt not in flight; fetching
17 verbose request uri http://registry.cnpmjs.org/bcrypt
18 verbose request no auth needed
19 info attempt registry request try #1 at 21:32:39
20 verbose request id 654f87b1536a9bfd
21 http request GET http://registry.cnpmjs.org/bcrypt
22 http 200 http://registry.cnpmjs.org/bcrypt
23 verbose headers { server: 'nginx/1.4.6 (Ubuntu)',
23 verbose headers   date: 'Sun, 01 Nov 2015 13:32:49 GMT',
23 verbose headers   'content-type': 'application/json; charset=utf-8',
23 verbose headers   'transfer-encoding': 'chunked',
23 verbose headers   connection: 'keep-alive',
23 verbose headers   'x-readtime': '50',
23 verbose headers   'content-encoding': 'gzip' }
24 silly get cb [ 200,
24 silly get   { server: 'nginx/1.4.6 (Ubuntu)',
24 silly get     date: 'Sun, 01 Nov 2015 13:32:49 GMT',
24 silly get     'content-type': 'application/json; charset=utf-8',
24 silly get     'transfer-encoding': 'chunked',
24 silly get     connection: 'keep-alive',
24 silly get     'x-readtime': '50',
24 silly get     'content-encoding': 'gzip' } ]
25 verbose get saving bcrypt to C:\Users\Administrator\AppData\Roaming\npm-cache\registry.cnpmjs.org\bcrypt\.cache.json
26 silly addNameRange number 2 { name: 'bcrypt', range: '*', hasData: true }
27 silly addNameRange versions [ 'bcrypt',
27 silly addNameRange   [ '0.8.5',
27 silly addNameRange     '0.8.4',
27 silly addNameRange     '0.8.3',
27 silly addNameRange     '0.8.2',
27 silly addNameRange     '0.8.1',
27 silly addNameRange     '0.8.0',
27 silly addNameRange     '0.7.8',
27 silly addNameRange     '0.7.7',
27 silly addNameRange     '0.7.6',
27 silly addNameRange     '0.7.5',
27 silly addNameRange     '0.7.4',
27 silly addNameRange     '0.7.3',
27 silly addNameRange     '0.7.2',
27 silly addNameRange     '0.7.1',
27 silly addNameRange     '0.7.0',
27 silly addNameRange     '0.6.0',
27 silly addNameRange     '0.5.0',
27 silly addNameRange     '0.4.1',
27 silly addNameRange     '0.4.0',
27 silly addNameRange     '0.3.2',
27 silly addNameRange     '0.3.1',
27 silly addNameRange     '0.3.0',
27 silly addNameRange     '0.2.4',
27 silly addNameRange     '0.2.3',
27 silly addNameRange     '0.2.2',
27 silly addNameRange     '0.1.3',
27 silly addNameRange     '0.2.1',
27 silly addNameRange     '0.2.0',
27 silly addNameRange     '0.1.2' ] ]
28 silly addNamed bcrypt@0.8.5
29 verbose addNamed "0.8.5" is a plain semver version for bcrypt
30 silly cache afterAdd bcrypt@0.8.5
31 verbose afterAdd C:\Users\Administrator\AppData\Roaming\npm-cache\bcrypt\0.8.5\package\package.json not in flight; writing
32 verbose afterAdd C:\Users\Administrator\AppData\Roaming\npm-cache\bcrypt\0.8.5\package\package.json written
33 silly install resolved [ { name: 'bcrypt',
33 silly install resolved     description: 'A bcrypt library for NodeJS.',
33 silly install resolved     keywords:
33 silly install resolved      [ 'bcrypt',
33 silly install resolved        'password',
33 silly install resolved        'auth',
33 silly install resolved        'authentication',
33 silly install resolved        'encryption',
33 silly install resolved        'crypt',
33 silly install resolved        'crypto' ],
33 silly install resolved     main: './bcrypt',
33 silly install resolved     version: '0.8.5',
33 silly install resolved     author: { name: 'Nick Campbell', url: 'https://github.com/ncb000gt' },
33 silly install resolved     engines: { node: '>= 0.6.0' },
33 silly install resolved     repository:
33 silly install resolved      { type: 'git',
33 silly install resolved        url: 'git+https://github.com/ncb000gt/node.bcrypt.js.git' },
33 silly install resolved     license: 'MIT',
33 silly install resolved     bugs: { url: 'https://github.com/ncb000gt/node.bcrypt.js/issues' },
33 silly install resolved     scripts:
33 silly install resolved      { test: 'node-gyp configure build && nodeunit test',
33 silly install resolved        install: 'node-gyp rebuild' },
33 silly install resolved     dependencies: { bindings: '1.2.1', nan: '2.0.5' },
33 silly install resolved     devDependencies: { nodeunit: '~0.9.1' },
33 silly install resolved     contributors:
33 silly install resolved      [ [Object],
33 silly install resolved        [Object],
33 silly install resolved        [Object],
33 silly install resolved        [Object],
33 silly install resolved        [Object],
33 silly install resolved        [Object],
33 silly install resolved        [Object],
33 silly install resolved        [Object],
33 silly install resolved        [Object],
33 silly install resolved        [Object],
33 silly install resolved        [Object],
33 silly install resolved        [Object],
33 silly install resolved        [Object],
33 silly install resolved        [Object] ],
33 silly install resolved     gypfile: true,
33 silly install resolved     gitHead: '5d97708f06754d7d7989c67ba867002d10013615',
33 silly install resolved     homepage: 'https://github.com/ncb000gt/node.bcrypt.js#readme',
33 silly install resolved     _id: 'bcrypt@0.8.5',
33 silly install resolved     _shasum: '8e5b81b4db80e944f440005979ca8d58a961861d',
33 silly install resolved     _from: 'bcrypt@*',
33 silly install resolved     _npmVersion: '2.13.3',
33 silly install resolved     _nodeVersion: '3.0.0',
33 silly install resolved     _npmUser: { name: 'defunctzombie', email: 'shtylman@gmail.com' },
33 silly install resolved     dist:
33 silly install resolved      { shasum: '8e5b81b4db80e944f440005979ca8d58a961861d',
33 silly install resolved        size: 24859,
33 silly install resolved        noattachment: false,
33 silly install resolved        tarball: 'http://registry.cnpmjs.org/bcrypt/download/bcrypt-0.8.5.tgz' },
33 silly install resolved     maintainers: [ [Object], [Object], [Object], [Object] ],
33 silly install resolved     directories: {},
33 silly install resolved     publish_time: 1439417515229,
33 silly install resolved     _cnpm_publish_time: 1439417515229,
33 silly install resolved     _resolved: 'http://registry.cnpmjs.org/bcrypt/download/bcrypt-0.8.5.tgz',
33 silly install resolved     readme: 'ERROR: No README data found!' } ]
34 info install bcrypt@0.8.5 into C:\Users\Administrator\AppData\Roaming\npm
35 info installOne bcrypt@0.8.5
36 verbose installOne of bcrypt to C:\Users\Administrator\AppData\Roaming\npm not in flight; installing
37 verbose lock using C:\Users\Administrator\AppData\Roaming\npm-cache\_locks\bcrypt-9fc7df92898167c9.lock for C:\Users\Administrator\AppData\Roaming\npm\node_modules\bcrypt
38 silly install write writing bcrypt 0.8.5 to C:\Users\Administrator\AppData\Roaming\npm\node_modules\bcrypt
39 verbose unbuild node_modules\bcrypt
40 silly gentlyRm C:\Users\Administrator\AppData\Roaming\npm\node_modules\bcrypt is being purged from base C:\Users\Administrator\AppData\Roaming\npm
41 verbose gentlyRm don't care about contents; nuking C:\Users\Administrator\AppData\Roaming\npm\node_modules\bcrypt
42 verbose tar unpack C:\Users\Administrator\AppData\Roaming\npm-cache\bcrypt\0.8.5\package.tgz
43 verbose tar unpacking to C:\Users\Administrator\AppData\Roaming\npm\node_modules\bcrypt
44 silly gentlyRm C:\Users\Administrator\AppData\Roaming\npm\node_modules\bcrypt is being purged
45 verbose gentlyRm don't care about contents; nuking C:\Users\Administrator\AppData\Roaming\npm\node_modules\bcrypt
46 silly gunzTarPerm modes [ '777', '666' ]
47 silly gunzTarPerm extractEntry package.json
48 silly gunzTarPerm modified mode [ 'package.json', 420, 438 ]
49 silly gunzTarPerm extractEntry .npmignore
50 silly gunzTarPerm modified mode [ '.npmignore', 420, 438 ]
51 silly gunzTarPerm extractEntry README.md
52 silly gunzTarPerm modified mode [ 'README.md', 420, 438 ]
53 silly gunzTarPerm extractEntry LICENSE
54 silly gunzTarPerm modified mode [ 'LICENSE', 420, 438 ]
55 silly gunzTarPerm extractEntry bcrypt.js
56 silly gunzTarPerm modified mode [ 'bcrypt.js', 420, 438 ]
57 silly gunzTarPerm extractEntry binding.gyp
58 silly gunzTarPerm modified mode [ 'binding.gyp', 420, 438 ]
59 silly gunzTarPerm extractEntry .travis.yml
60 silly gunzTarPerm modified mode [ '.travis.yml', 420, 438 ]
61 silly gunzTarPerm extractEntry CHANGELOG.md
62 silly gunzTarPerm modified mode [ 'CHANGELOG.md', 420, 438 ]
63 silly gunzTarPerm extractEntry examples/async_compare.js
64 silly gunzTarPerm modified mode [ 'examples/async_compare.js', 420, 438 ]
65 silly gunzTarPerm extractEntry examples/forever_gen_salt.js
66 silly gunzTarPerm modified mode [ 'examples/forever_gen_salt.js', 420, 438 ]
67 silly gunzTarPerm extractEntry test/async.js
68 silly gunzTarPerm modified mode [ 'test/async.js', 420, 438 ]
69 silly gunzTarPerm extractEntry test/repetitions.js
70 silly gunzTarPerm modified mode [ 'test/repetitions.js', 420, 438 ]
71 silly gunzTarPerm extractEntry test/sync.js
72 silly gunzTarPerm modified mode [ 'test/sync.js', 420, 438 ]
73 silly gunzTarPerm extractEntry Makefile
74 silly gunzTarPerm modified mode [ 'Makefile', 420, 438 ]
75 silly gunzTarPerm extractEntry src/bcrypt.cc
76 silly gunzTarPerm modified mode [ 'src/bcrypt.cc', 420, 438 ]
77 silly gunzTarPerm extractEntry src/bcrypt_node.cc
78 silly gunzTarPerm modified mode [ 'src/bcrypt_node.cc', 420, 438 ]
79 silly gunzTarPerm extractEntry src/blowfish.cc
80 silly gunzTarPerm modified mode [ 'src/blowfish.cc', 420, 438 ]
81 silly gunzTarPerm extractEntry src/node_blf.h
82 silly gunzTarPerm modified mode [ 'src/node_blf.h', 420, 438 ]
83 silly gunzTarPerm extractEntry werker.yml
84 silly gunzTarPerm modified mode [ 'werker.yml', 420, 438 ]
85 verbose write writing to C:\Users\Administrator\AppData\Roaming\npm\node_modules\bcrypt\package.json
86 info preinstall bcrypt@0.8.5
87 verbose readDependencies loading dependencies from C:\Users\Administrator\AppData\Roaming\npm\node_modules\bcrypt\package.json
88 silly prepareForInstallMany adding bindings@1.2.1 from bcrypt dependencies
89 silly prepareForInstallMany adding nan@2.0.5 from bcrypt dependencies
90 verbose readDependencies loading dependencies from C:\Users\Administrator\AppData\Roaming\npm\node_modules\bcrypt\package.json
91 silly cache add args [ 'bindings@1.2.1', null ]
92 verbose cache add spec bindings@1.2.1
93 silly cache add args [ 'nan@2.0.5', null ]
94 verbose cache add spec nan@2.0.5
95 silly cache add parsed spec Result {
95 silly cache add   raw: 'bindings@1.2.1',
95 silly cache add   scope: null,
95 silly cache add   name: 'bindings',
95 silly cache add   rawSpec: '1.2.1',
95 silly cache add   spec: '1.2.1',
95 silly cache add   type: 'version' }
96 silly addNamed bindings@1.2.1
97 verbose addNamed "1.2.1" is a plain semver version for bindings
98 silly mapToRegistry name bindings
99 silly mapToRegistry using default registry
100 silly mapToRegistry registry http://registry.cnpmjs.org/
101 silly mapToRegistry uri http://registry.cnpmjs.org/bindings
102 verbose addNameVersion registry:http://registry.cnpmjs.org/bindings not in flight; fetching
103 silly cache add parsed spec Result {
103 silly cache add   raw: 'nan@2.0.5',
103 silly cache add   scope: null,
103 silly cache add   name: 'nan',
103 silly cache add   rawSpec: '2.0.5',
103 silly cache add   spec: '2.0.5',
103 silly cache add   type: 'version' }
104 silly addNamed nan@2.0.5
105 verbose addNamed "2.0.5" is a plain semver version for nan
106 silly mapToRegistry name nan
107 silly mapToRegistry using default registry
108 silly mapToRegistry registry http://registry.cnpmjs.org/
109 silly mapToRegistry uri http://registry.cnpmjs.org/nan
110 verbose addNameVersion registry:http://registry.cnpmjs.org/nan not in flight; fetching
111 verbose request uri http://registry.cnpmjs.org/bindings
112 verbose request no auth needed
113 info attempt registry request try #1 at 21:32:40
114 http request GET http://registry.cnpmjs.org/bindings
115 verbose request uri http://registry.cnpmjs.org/nan
116 verbose request no auth needed
117 info attempt registry request try #1 at 21:32:40
118 http request GET http://registry.cnpmjs.org/nan
119 http 200 http://registry.cnpmjs.org/bindings
120 verbose headers { server: 'nginx/1.4.6 (Ubuntu)',
120 verbose headers   date: 'Sun, 01 Nov 2015 13:32:50 GMT',
120 verbose headers   'content-type': 'application/json; charset=utf-8',
120 verbose headers   'transfer-encoding': 'chunked',
120 verbose headers   connection: 'keep-alive',
120 verbose headers   'x-readtime': '25',
120 verbose headers   'content-encoding': 'gzip' }
121 silly get cb [ 200,
121 silly get   { server: 'nginx/1.4.6 (Ubuntu)',
121 silly get     date: 'Sun, 01 Nov 2015 13:32:50 GMT',
121 silly get     'content-type': 'application/json; charset=utf-8',
121 silly get     'transfer-encoding': 'chunked',
121 silly get     connection: 'keep-alive',
121 silly get     'x-readtime': '25',
121 silly get     'content-encoding': 'gzip' } ]
122 verbose get saving bindings to C:\Users\Administrator\AppData\Roaming\npm-cache\registry.cnpmjs.org\bindings\.cache.json
123 silly mapToRegistry name bindings
124 silly mapToRegistry using default registry
125 silly mapToRegistry registry http://registry.cnpmjs.org/
126 silly mapToRegistry uri http://registry.cnpmjs.org/bindings
127 verbose addRemoteTarball http://registry.cnpmjs.org/bindings/download/bindings-1.2.1.tgz not in flight; adding
128 verbose addRemoteTarball [ 'http://registry.cnpmjs.org/bindings/download/bindings-1.2.1.tgz',
128 verbose addRemoteTarball   '14ad6113812d2d37d72e67b4cacb4bb726505f11' ]
129 info retry fetch attempt 1 at 21:32:40
130 info attempt registry request try #1 at 21:32:40
131 http fetch GET http://registry.cnpmjs.org/bindings/download/bindings-1.2.1.tgz
132 http fetch 200 http://registry.cnpmjs.org/bindings/download/bindings-1.2.1.tgz
133 silly fetchAndShaCheck shasum 14ad6113812d2d37d72e67b4cacb4bb726505f11
134 verbose addTmpTarball C:\Users\ADMINI~1\AppData\Local\Temp\npm-1680-6537949b\registry.cnpmjs.org\bindings\download\bindings-1.2.1.tgz not in flight; adding
135 verbose addTmpTarball already have metadata; skipping unpack for bindings@1.2.1
136 silly cache afterAdd bindings@1.2.1
137 verbose afterAdd C:\Users\Administrator\AppData\Roaming\npm-cache\bindings\1.2.1\package\package.json not in flight; writing
138 verbose afterAdd C:\Users\Administrator\AppData\Roaming\npm-cache\bindings\1.2.1\package\package.json written
139 http 200 http://registry.cnpmjs.org/nan
140 verbose headers { server: 'nginx/1.4.6 (Ubuntu)',
140 verbose headers   date: 'Sun, 01 Nov 2015 13:32:50 GMT',
140 verbose headers   'content-type': 'application/json; charset=utf-8',
140 verbose headers   'transfer-encoding': 'chunked',
140 verbose headers   connection: 'keep-alive',
140 verbose headers   'x-readtime': '136',
140 verbose headers   'content-encoding': 'gzip' }
141 silly get cb [ 200,
141 silly get   { server: 'nginx/1.4.6 (Ubuntu)',
141 silly get     date: 'Sun, 01 Nov 2015 13:32:50 GMT',
141 silly get     'content-type': 'application/json; charset=utf-8',
141 silly get     'transfer-encoding': 'chunked',
141 silly get     connection: 'keep-alive',
141 silly get     'x-readtime': '136',
141 silly get     'content-encoding': 'gzip' } ]
142 verbose get saving nan to C:\Users\Administrator\AppData\Roaming\npm-cache\registry.cnpmjs.org\nan\.cache.json
143 silly mapToRegistry name nan
144 silly mapToRegistry using default registry
145 silly mapToRegistry registry http://registry.cnpmjs.org/
146 silly mapToRegistry uri http://registry.cnpmjs.org/nan
147 verbose addRemoteTarball http://registry.cnpmjs.org/nan/download/nan-2.0.5.tgz not in flight; adding
148 verbose addRemoteTarball [ 'http://registry.cnpmjs.org/nan/download/nan-2.0.5.tgz',
148 verbose addRemoteTarball   '365888014be1fd178db0cbfa258edf7b0cb1c408' ]
149 info retry fetch attempt 1 at 21:32:42
150 info attempt registry request try #1 at 21:32:42
151 http fetch GET http://registry.cnpmjs.org/nan/download/nan-2.0.5.tgz
152 http fetch 200 http://registry.cnpmjs.org/nan/download/nan-2.0.5.tgz
153 silly fetchAndShaCheck shasum 365888014be1fd178db0cbfa258edf7b0cb1c408
154 verbose addTmpTarball C:\Users\ADMINI~1\AppData\Local\Temp\npm-1680-6537949b\registry.cnpmjs.org\nan\download\nan-2.0.5.tgz not in flight; adding
155 verbose addTmpTarball already have metadata; skipping unpack for nan@2.0.5
156 silly cache afterAdd nan@2.0.5
157 verbose afterAdd C:\Users\Administrator\AppData\Roaming\npm-cache\nan\2.0.5\package\package.json not in flight; writing
158 verbose afterAdd C:\Users\Administrator\AppData\Roaming\npm-cache\nan\2.0.5\package\package.json written
159 silly install resolved [ { name: 'bindings',
159 silly install resolved     description: 'Helper module for loading your native module\'s .node file',
159 silly install resolved     keywords: [ 'native', 'addon', 'bindings', 'gyp', 'waf', 'c', 'c++' ],
159 silly install resolved     version: '1.2.1',
159 silly install resolved     author:
159 silly install resolved      { name: 'Nathan Rajlich',
159 silly install resolved        email: 'nathan@tootallnate.net',
159 silly install resolved        url: 'http://tootallnate.net' },
159 silly install resolved     repository:
159 silly install resolved      { type: 'git',
159 silly install resolved        url: 'git://github.com/TooTallNate/node-bindings.git' },
159 silly install resolved     main: './bindings.js',
159 silly install resolved     bugs: { url: 'https://github.com/TooTallNate/node-bindings/issues' },
159 silly install resolved     homepage: 'https://github.com/TooTallNate/node-bindings',
159 silly install resolved     license: 'MIT',
159 silly install resolved     gitHead: 'e404152ee27f8478ccbc7122ee051246e8e5ec02',
159 silly install resolved     _id: 'bindings@1.2.1',
159 silly install resolved     scripts: {},
159 silly install resolved     _shasum: '14ad6113812d2d37d72e67b4cacb4bb726505f11',
159 silly install resolved     _from: 'bindings@1.2.1',
159 silly install resolved     _npmVersion: '1.4.14',
159 silly install resolved     _npmUser: { name: 'tootallnate', email: 'nathan@tootallnate.net' },
159 silly install resolved     maintainers: [ [Object] ],
159 silly install resolved     dist:
159 silly install resolved      { shasum: '14ad6113812d2d37d72e67b4cacb4bb726505f11',
159 silly install resolved        size: 3625,
159 silly install resolved        noattachment: false,
159 silly install resolved        tarball: 'http://registry.cnpmjs.org/bindings/download/bindings-1.2.1.tgz' },
159 silly install resolved     directories: {},
159 silly install resolved     publish_time: 1403979205303,
159 silly install resolved     _cnpm_publish_time: 1403979205303,
159 silly install resolved     _resolved: 'http://registry.cnpmjs.org/bindings/download/bindings-1.2.1.tgz' },
159 silly install resolved   { name: 'nan',
159 silly install resolved     version: '2.0.5',
159 silly install resolved     description: 'Native Abstractions for Node.js: C++ header for Node 0.8->0.12 compatibility',
159 silly install resolved     main: 'include_dirs.js',
159 silly install resolved     repository: { type: 'git', url: 'git://github.com/nodejs/nan.git' },
159 silly install resolved     scripts:
159 silly install resolved      { test: 'tap --gc test/js/*-test.js',
159 silly install resolved        'rebuild-tests': 'pangyp rebuild --msvs_version=2013 --directory test',
159 silly install resolved        docs: 'doc/.build.sh' },
159 silly install resolved     contributors:
159 silly install resolved      [ [Object],
159 silly install resolved        [Object],
159 silly install resolved        [Object],
159 silly install resolved        [Object],
159 silly install resolved        [Object],
159 silly install resolved        [Object],
159 silly install resolved        [Object] ],
159 silly install resolved     devDependencies:
159 silly install resolved      { bindings: '~1.2.1',
159 silly install resolved        'node-gyp': '~2.0.2',
159 silly install resolved        pangyp: '~2.2.0',
159 silly install resolved        tap: '~0.7.1',
159 silly install resolved        xtend: '~4.0.0' },
159 silly install resolved     license: 'MIT',
159 silly install resolved     gitHead: 'd13a2e9ce762fd130877b53c71d35963fa2cf689',
159 silly install resolved     bugs: { url: 'https://github.com/nodejs/nan/issues' },
159 silly install resolved     homepage: 'https://github.com/nodejs/nan#readme',
159 silly install resolved     _id: 'nan@2.0.5',
159 silly install resolved     _shasum: '365888014be1fd178db0cbfa258edf7b0cb1c408',
159 silly install resolved     _from: 'nan@2.0.5',
159 silly install resolved     _npmVersion: '2.13.3',
159 silly install resolved     _nodeVersion: '3.0.0',
159 silly install resolved     _npmUser: { name: 'kkoopa', email: 'bbyholm@abo.fi' },
159 silly install resolved     maintainers: [ [Object], [Object] ],
159 silly install resolved     dist:
159 silly install resolved      { shasum: '365888014be1fd178db0cbfa258edf7b0cb1c408',
159 silly install resolved        size: 60391,
159 silly install resolved        noattachment: false,
159 silly install resolved        tarball: 'http://registry.cnpmjs.org/nan/download/nan-2.0.5.tgz' },
159 silly install resolved     directories: {},
159 silly install resolved     publish_time: 1439218423186,
159 silly install resolved     _cnpm_publish_time: 1439218423186,
159 silly install resolved     _resolved: 'http://registry.cnpmjs.org/nan/download/nan-2.0.5.tgz' } ]
160 info install bindings@1.2.1 into C:\Users\Administrator\AppData\Roaming\npm\node_modules\bcrypt
161 info install nan@2.0.5 into C:\Users\Administrator\AppData\Roaming\npm\node_modules\bcrypt
162 info installOne bindings@1.2.1
163 verbose installOne of bindings to C:\Users\Administrator\AppData\Roaming\npm\node_modules\bcrypt not in flight; installing
164 info installOne nan@2.0.5
165 verbose installOne of nan to C:\Users\Administrator\AppData\Roaming\npm\node_modules\bcrypt not in flight; installing
166 verbose lock using C:\Users\Administrator\AppData\Roaming\npm-cache\_locks\nan-e97cbc106fdad054.lock for C:\Users\Administrator\AppData\Roaming\npm\node_modules\bcrypt\node_modules\nan
167 verbose lock using C:\Users\Administrator\AppData\Roaming\npm-cache\_locks\bindings-3a5a178ce03a3d8a.lock for C:\Users\Administrator\AppData\Roaming\npm\node_modules\bcrypt\node_modules\bindings
168 silly install write writing nan 2.0.5 to C:\Users\Administrator\AppData\Roaming\npm\node_modules\bcrypt\node_modules\nan
169 silly install write writing bindings 1.2.1 to C:\Users\Administrator\AppData\Roaming\npm\node_modules\bcrypt\node_modules\bindings
170 verbose unbuild node_modules\bcrypt\node_modules\nan
171 verbose unbuild node_modules\bcrypt\node_modules\bindings
172 silly gentlyRm C:\Users\Administrator\AppData\Roaming\npm\node_modules\bcrypt\node_modules\nan is being purged from base C:\Users\Administrator\AppData\Roaming\npm
173 verbose gentlyRm don't care about contents; nuking C:\Users\Administrator\AppData\Roaming\npm\node_modules\bcrypt\node_modules\nan
174 verbose tar unpack C:\Users\Administrator\AppData\Roaming\npm-cache\nan\2.0.5\package.tgz
175 verbose tar unpacking to C:\Users\Administrator\AppData\Roaming\npm\node_modules\bcrypt\node_modules\nan
176 silly gentlyRm C:\Users\Administrator\AppData\Roaming\npm\node_modules\bcrypt\node_modules\nan is being purged
177 verbose gentlyRm don't care about contents; nuking C:\Users\Administrator\AppData\Roaming\npm\node_modules\bcrypt\node_modules\nan
178 silly gentlyRm C:\Users\Administrator\AppData\Roaming\npm\node_modules\bcrypt\node_modules\bindings is being purged from base C:\Users\Administrator\AppData\Roaming\npm
179 verbose gentlyRm don't care about contents; nuking C:\Users\Administrator\AppData\Roaming\npm\node_modules\bcrypt\node_modules\bindings
180 silly gunzTarPerm modes [ '777', '666' ]
181 verbose tar unpack C:\Users\Administrator\AppData\Roaming\npm-cache\bindings\1.2.1\package.tgz
182 verbose tar unpacking to C:\Users\Administrator\AppData\Roaming\npm\node_modules\bcrypt\node_modules\bindings
183 silly gentlyRm C:\Users\Administrator\AppData\Roaming\npm\node_modules\bcrypt\node_modules\bindings is being purged
184 verbose gentlyRm don't care about contents; nuking C:\Users\Administrator\AppData\Roaming\npm\node_modules\bcrypt\node_modules\bindings
185 silly gunzTarPerm modes [ '777', '666' ]
186 silly gunzTarPerm extractEntry package.json
187 silly gunzTarPerm modified mode [ 'package.json', 436, 438 ]
188 silly gunzTarPerm extractEntry package.json
189 silly gunzTarPerm modified mode [ 'package.json', 420, 438 ]
190 silly gunzTarPerm extractEntry README.md
191 silly gunzTarPerm modified mode [ 'README.md', 436, 438 ]
192 silly gunzTarPerm extractEntry include_dirs.js
193 silly gunzTarPerm modified mode [ 'include_dirs.js', 436, 438 ]
194 silly gunzTarPerm extractEntry README.md
195 silly gunzTarPerm modified mode [ 'README.md', 420, 438 ]
196 silly gunzTarPerm extractEntry bindings.js
197 silly gunzTarPerm modified mode [ 'bindings.js', 420, 438 ]
198 silly gunzTarPerm extractEntry nan_converters.h
199 silly gunzTarPerm modified mode [ 'nan_converters.h', 436, 438 ]
200 silly gunzTarPerm extractEntry LICENSE.md
201 silly gunzTarPerm modified mode [ 'LICENSE.md', 436, 438 ]
202 silly gunzTarPerm extractEntry .dntrc
203 silly gunzTarPerm modified mode [ '.dntrc', 436, 438 ]
204 silly gunzTarPerm extractEntry appveyor.yml
205 silly gunzTarPerm modified mode [ 'appveyor.yml', 436, 438 ]
206 silly gunzTarPerm extractEntry doc/new.md
207 silly gunzTarPerm modified mode [ 'doc/new.md', 436, 438 ]
208 silly gunzTarPerm extractEntry doc/.build.sh
209 silly gunzTarPerm modified mode [ 'doc/.build.sh', 509, 511 ]
210 verbose write writing to C:\Users\Administrator\AppData\Roaming\npm\node_modules\bcrypt\node_modules\bindings\package.json
211 silly gunzTarPerm extractEntry doc/buffers.md
212 silly gunzTarPerm modified mode [ 'doc/buffers.md', 436, 438 ]
213 silly gunzTarPerm extractEntry doc/callback.md
214 silly gunzTarPerm modified mode [ 'doc/callback.md', 436, 438 ]
215 info preinstall bindings@1.2.1
216 silly gunzTarPerm extractEntry doc/converters.md
217 silly gunzTarPerm modified mode [ 'doc/converters.md', 436, 438 ]
218 silly gunzTarPerm extractEntry doc/errors.md
219 silly gunzTarPerm modified mode [ 'doc/errors.md', 436, 438 ]
220 verbose readDependencies loading dependencies from C:\Users\Administrator\AppData\Roaming\npm\node_modules\bcrypt\node_modules\bindings\package.json
221 verbose readDependencies loading dependencies from C:\Users\Administrator\AppData\Roaming\npm\node_modules\bcrypt\node_modules\bindings\package.json
222 silly gunzTarPerm extractEntry doc/maybe_types.md
223 silly gunzTarPerm modified mode [ 'doc/maybe_types.md', 436, 438 ]
224 silly gunzTarPerm extractEntry doc/methods.md
225 silly gunzTarPerm modified mode [ 'doc/methods.md', 436, 438 ]
226 silly install resolved []
227 verbose about to build C:\Users\Administrator\AppData\Roaming\npm\node_modules\bcrypt\node_modules\bindings
228 info build C:\Users\Administrator\AppData\Roaming\npm\node_modules\bcrypt\node_modules\bindings
229 info linkStuff bindings@1.2.1
230 silly linkStuff bindings@1.2.1 has C:\Users\Administrator\AppData\Roaming\npm\node_modules\bcrypt\node_modules as its parent node_modules
231 silly linkStuff bindings@1.2.1 is part of a global install
232 silly linkStuff bindings@1.2.1 is installed into a global node_modules
233 silly gunzTarPerm extractEntry doc/asyncworker.md
234 silly gunzTarPerm modified mode [ 'doc/asyncworker.md', 436, 438 ]
235 silly gunzTarPerm extractEntry doc/node_misc.md
236 silly gunzTarPerm modified mode [ 'doc/node_misc.md', 436, 438 ]
237 verbose linkBins bindings@1.2.1
238 verbose linkMans bindings@1.2.1
239 verbose rebuildBundles bindings@1.2.1
240 info install bindings@1.2.1
241 info postinstall bindings@1.2.1
242 silly gunzTarPerm extractEntry doc/persistent.md
243 silly gunzTarPerm modified mode [ 'doc/persistent.md', 436, 438 ]
244 silly gunzTarPerm extractEntry doc/scopes.md
245 silly gunzTarPerm modified mode [ 'doc/scopes.md', 436, 438 ]
246 verbose unlock done using C:\Users\Administrator\AppData\Roaming\npm-cache\_locks\bindings-3a5a178ce03a3d8a.lock for C:\Users\Administrator\AppData\Roaming\npm\node_modules\bcrypt\node_modules\bindings
247 silly gunzTarPerm extractEntry doc/script.md
248 silly gunzTarPerm modified mode [ 'doc/script.md', 436, 438 ]
249 silly gunzTarPerm extractEntry doc/string_bytes.md
250 silly gunzTarPerm modified mode [ 'doc/string_bytes.md', 436, 438 ]
251 silly gunzTarPerm extractEntry doc/v8_internals.md
252 silly gunzTarPerm modified mode [ 'doc/v8_internals.md', 436, 438 ]
253 silly gunzTarPerm extractEntry doc/v8_misc.md
254 silly gunzTarPerm modified mode [ 'doc/v8_misc.md', 436, 438 ]
255 silly gunzTarPerm extractEntry nan.h
256 silly gunzTarPerm modified mode [ 'nan.h', 436, 438 ]
257 silly gunzTarPerm extractEntry nan_callbacks.h
258 silly gunzTarPerm modified mode [ 'nan_callbacks.h', 436, 438 ]
259 silly gunzTarPerm extractEntry nan_callbacks_12_inl.h
260 silly gunzTarPerm modified mode [ 'nan_callbacks_12_inl.h', 436, 438 ]
261 silly gunzTarPerm extractEntry nan_callbacks_pre_12_inl.h
262 silly gunzTarPerm modified mode [ 'nan_callbacks_pre_12_inl.h', 436, 438 ]
263 silly gunzTarPerm extractEntry nan_converters_43_inl.h
264 silly gunzTarPerm modified mode [ 'nan_converters_43_inl.h', 436, 438 ]
265 silly gunzTarPerm extractEntry nan_converters_pre_43_inl.h
266 silly gunzTarPerm modified mode [ 'nan_converters_pre_43_inl.h', 436, 438 ]
267 silly gunzTarPerm extractEntry nan_implementation_12_inl.h
268 silly gunzTarPerm modified mode [ 'nan_implementation_12_inl.h', 436, 438 ]
269 silly gunzTarPerm extractEntry nan_implementation_pre_12_inl.h
270 silly gunzTarPerm modified mode [ 'nan_implementation_pre_12_inl.h', 436, 438 ]
271 silly gunzTarPerm extractEntry nan_maybe_43_inl.h
272 silly gunzTarPerm modified mode [ 'nan_maybe_43_inl.h', 436, 438 ]
273 silly gunzTarPerm extractEntry nan_maybe_pre_43_inl.h
274 silly gunzTarPerm modified mode [ 'nan_maybe_pre_43_inl.h', 436, 438 ]
275 silly gunzTarPerm extractEntry nan_new.h
276 silly gunzTarPerm modified mode [ 'nan_new.h', 436, 438 ]
277 silly gunzTarPerm extractEntry nan_object_wrap.h
278 silly gunzTarPerm modified mode [ 'nan_object_wrap.h', 436, 438 ]
279 silly gunzTarPerm extractEntry nan_persistent_12_inl.h
280 silly gunzTarPerm modified mode [ 'nan_persistent_12_inl.h', 436, 438 ]
281 silly gunzTarPerm extractEntry nan_persistent_pre_12_inl.h
282 silly gunzTarPerm modified mode [ 'nan_persistent_pre_12_inl.h', 436, 438 ]
283 silly gunzTarPerm extractEntry nan_string_bytes.h
284 silly gunzTarPerm modified mode [ 'nan_string_bytes.h', 436, 438 ]
285 silly gunzTarPerm extractEntry nan_weak.h
286 silly gunzTarPerm modified mode [ 'nan_weak.h', 436, 438 ]
287 silly gunzTarPerm extractEntry CHANGELOG.md
288 silly gunzTarPerm modified mode [ 'CHANGELOG.md', 436, 438 ]
289 silly gunzTarPerm extractEntry tools/package.json
290 silly gunzTarPerm modified mode [ 'tools/package.json', 436, 438 ]
291 silly gunzTarPerm extractEntry tools/README.md
292 silly gunzTarPerm modified mode [ 'tools/README.md', 436, 438 ]
293 silly gunzTarPerm extractEntry tools/1to2.js
294 silly gunzTarPerm modified mode [ 'tools/1to2.js', 509, 511 ]
295 verbose write writing to C:\Users\Administrator\AppData\Roaming\npm\node_modules\bcrypt\node_modules\nan\package.json
296 info preinstall nan@2.0.5
297 verbose readDependencies loading dependencies from C:\Users\Administrator\AppData\Roaming\npm\node_modules\bcrypt\node_modules\nan\package.json
298 verbose readDependencies loading dependencies from C:\Users\Administrator\AppData\Roaming\npm\node_modules\bcrypt\node_modules\nan\package.json
299 silly install resolved []
300 verbose about to build C:\Users\Administrator\AppData\Roaming\npm\node_modules\bcrypt\node_modules\nan
301 info build C:\Users\Administrator\AppData\Roaming\npm\node_modules\bcrypt\node_modules\nan
302 info linkStuff nan@2.0.5
303 silly linkStuff nan@2.0.5 has C:\Users\Administrator\AppData\Roaming\npm\node_modules\bcrypt\node_modules as its parent node_modules
304 silly linkStuff nan@2.0.5 is part of a global install
305 silly linkStuff nan@2.0.5 is installed into a global node_modules
306 verbose linkBins nan@2.0.5
307 verbose linkMans nan@2.0.5
308 verbose rebuildBundles nan@2.0.5
309 info install nan@2.0.5
310 info postinstall nan@2.0.5
311 verbose unlock done using C:\Users\Administrator\AppData\Roaming\npm-cache\_locks\nan-e97cbc106fdad054.lock for C:\Users\Administrator\AppData\Roaming\npm\node_modules\bcrypt\node_modules\nan
312 verbose about to build C:\Users\Administrator\AppData\Roaming\npm\node_modules\bcrypt
313 info build C:\Users\Administrator\AppData\Roaming\npm\node_modules\bcrypt
314 info linkStuff bcrypt@0.8.5
315 silly linkStuff bcrypt@0.8.5 has C:\Users\Administrator\AppData\Roaming\npm\node_modules as its parent node_modules
316 silly linkStuff bcrypt@0.8.5 is part of a global install
317 silly linkStuff bcrypt@0.8.5 is installed into a global node_modules
318 silly linkStuff bcrypt@0.8.5 is installed into the top-level global node_modules
319 verbose linkBins bcrypt@0.8.5
320 verbose linkMans bcrypt@0.8.5
321 verbose rebuildBundles bcrypt@0.8.5
322 verbose rebuildBundles [ 'bindings', 'nan' ]
323 info install bcrypt@0.8.5
324 verbose unsafe-perm in lifecycle true
325 info bcrypt@0.8.5 Failed to exec install script
326 verbose unlock done using C:\Users\Administrator\AppData\Roaming\npm-cache\_locks\bcrypt-9fc7df92898167c9.lock for C:\Users\Administrator\AppData\Roaming\npm\node_modules\bcrypt
327 verbose stack Error: bcrypt@0.8.5 install: `node-gyp rebuild`
327 verbose stack Exit status 1
327 verbose stack     at EventEmitter.<anonymous> (D:\Program Files\nodejs\node_modules\npm\lib\utils\lifecycle.js:214:16)
327 verbose stack     at emitTwo (events.js:87:13)
327 verbose stack     at EventEmitter.emit (events.js:172:7)
327 verbose stack     at ChildProcess.<anonymous> (D:\Program Files\nodejs\node_modules\npm\lib\utils\spawn.js:24:14)
327 verbose stack     at emitTwo (events.js:87:13)
327 verbose stack     at ChildProcess.emit (events.js:172:7)
327 verbose stack     at maybeClose (internal/child_process.js:818:16)
327 verbose stack     at Process.ChildProcess._handle.onexit (internal/child_process.js:211:5)
328 verbose pkgid bcrypt@0.8.5
329 verbose cwd E:\node_wk\imooc
330 error Windows_NT 6.1.7601
331 error argv "D:\\Program Files\\nodejs\\node.exe" "D:\\Program Files\\nodejs\\node_modules\\npm\\bin\\npm-cli.js" "install" "-g" "bcrypt" "--save-dev"
332 error node v4.2.1
333 error npm  v2.14.7
334 error code ELIFECYCLE
335 error bcrypt@0.8.5 install: `node-gyp rebuild`
335 error Exit status 1
336 error Failed at the bcrypt@0.8.5 install script 'node-gyp rebuild'.
336 error This is most likely a problem with the bcrypt package,
336 error not with npm itself.
336 error Tell the author that this fails on your system:
336 error     node-gyp rebuild
336 error You can get their info via:
336 error     npm owner ls bcrypt
336 error There is likely additional logging output above.
337 verbose exit [ 1, true ]
338 verbose unbuild node_modules\bcrypt
339 info preuninstall bcrypt@0.8.5
340 info uninstall bcrypt@0.8.5
341 verbose unbuild rmStuff bcrypt@0.8.5 from C:\Users\Administrator\AppData\Roaming\npm\node_modules
342 info postuninstall bcrypt@0.8.5
343 silly gentlyRm C:\Users\Administrator\AppData\Roaming\npm\node_modules\bcrypt is being purged from base C:\Users\Administrator\AppData\Roaming\npm
344 verbose gentlyRm don't care about contents; nuking C:\Users\Administrator\AppData\Roaming\npm\node_modules\bcrypt
345 silly vacuum-fs purging C:\Users\Administrator\AppData\Roaming\npm\node_modules\bcrypt
346 silly vacuum-fs quitting because other entries in C:\Users\Administrator\AppData\Roaming\npm\node_modules
